

Microchip MPLAB XC8 Assembler V2.31 build 20201012212115 
                                                                                               Mon Jul 19 20:20:54 2021

Microchip MPLAB XC8 C Compiler v2.31 (Free license) build 20201012212115 Og1 
     1                           	processor	16F887
     2                           	pagewidth 120
     3                           	opt	flic
     4                           	psect	cinit,global,class=CODE,merge=1,delta=2
     5                           	psect	bssCOMMON,global,class=COMMON,space=1,delta=1,noexec
     6                           	psect	cstackCOMMON,global,class=COMMON,space=1,delta=1,noexec
     7                           	psect	maintext,global,class=CODE,split=1,delta=2
     8                           	psect	text1,local,class=CODE,merge=1,delta=2
     9                           	psect	text2,local,class=CODE,merge=1,delta=2
    10                           	psect	text3,local,class=CODE,merge=1,delta=2
    11                           	psect	intentry,global,class=CODE,delta=2
    12                           	psect	config,global,abs,ovrld,class=CONFIG,space=4,delta=2,noexec
    13                           	dabs	1,0x7E,2
    14  0000                     
    15                           ; Version 2.20
    16                           ; Generated 12/02/2020 GMT
    17                           ; 
    18                           ; Copyright © 2020, Microchip Technology Inc. and its subsidiaries ("Microchip")
    19                           ; All rights reserved.
    20                           ; 
    21                           ; This software is developed by Microchip Technology Inc. and its subsidiaries ("Microch
      +                          ip").
    22                           ; 
    23                           ; Redistribution and use in source and binary forms, with or without modification, are
    24                           ; permitted provided that the following conditions are met:
    25                           ; 
    26                           ;     1. Redistributions of source code must retain the above copyright notice, this lis
      +                          t of
    27                           ;        conditions and the following disclaimer.
    28                           ; 
    29                           ;     2. Redistributions in binary form must reproduce the above copyright notice, this 
      +                          list
    30                           ;        of conditions and the following disclaimer in the documentation and/or other
    31                           ;        materials provided with the distribution.
    32                           ; 
    33                           ;     3. Microchip's name may not be used to endorse or promote products derived from th
      +                          is
    34                           ;        software without specific prior written permission.
    35                           ; 
    36                           ; THIS SOFTWARE IS PROVIDED BY MICROCHIP "AS IS" AND ANY EXPRESS OR IMPLIED WARRANTIES,
    37                           ; INCLUDING, BUT NOT LIMITED TO, THE IMPLIED WARRANTIES OF MERCHANTABILITY AND FITNESS F
      +                          OR
    38                           ; PURPOSE ARE DISCLAIMED.  IN NO EVENT SHALL MICROCHIP BE LIABLE FOR ANY DIRECT, INDIREC
      +                          T,
    39                           ; INCIDENTAL, SPECIAL, EXEMPLARY, OR CONSEQUENTIAL DAMAGES (INCLUDING BUT NOT LIMITED TO
    40                           ; PROCUREMENT OF SUBSTITUTE GOODS OR SERVICES; LOSS OF USE, DATA OR PROFITS; OR BUSINESS
    41                           ; INTERRUPTION) HOWSOEVER CAUSED AND ON ANY THEORY OF LIABILITY, WHETHER IN CONTRACT, ST
      +                          RICT
    42                           ; LIABILITY, OR TORT (INCLUDING NEGLIGENCE OR OTHERWISE) ARISING IN ANY WAY OUT OF THE U
      +                          SE OF
    43                           ; THIS SOFTWARE, EVEN IF ADVISED OF THE POSSIBILITY OF SUCH DAMAGE.
    44                           ; 
    45                           ; 
    46                           ; Code-generator required, PIC16F887 Definitions
    47                           ; 
    48                           ; SFR Addresses
    49  0000                     	;# 
    50  0001                     	;# 
    51  0002                     	;# 
    52  0003                     	;# 
    53  0004                     	;# 
    54  0005                     	;# 
    55  0006                     	;# 
    56  0007                     	;# 
    57  0008                     	;# 
    58  0009                     	;# 
    59  000A                     	;# 
    60  000B                     	;# 
    61  000C                     	;# 
    62  000D                     	;# 
    63  000E                     	;# 
    64  000E                     	;# 
    65  000F                     	;# 
    66  0010                     	;# 
    67  0011                     	;# 
    68  0012                     	;# 
    69  0013                     	;# 
    70  0014                     	;# 
    71  0015                     	;# 
    72  0015                     	;# 
    73  0016                     	;# 
    74  0017                     	;# 
    75  0018                     	;# 
    76  0019                     	;# 
    77  001A                     	;# 
    78  001B                     	;# 
    79  001B                     	;# 
    80  001C                     	;# 
    81  001D                     	;# 
    82  001E                     	;# 
    83  001F                     	;# 
    84  0081                     	;# 
    85  0085                     	;# 
    86  0086                     	;# 
    87  0087                     	;# 
    88  0088                     	;# 
    89  0089                     	;# 
    90  008C                     	;# 
    91  008D                     	;# 
    92  008E                     	;# 
    93  008F                     	;# 
    94  0090                     	;# 
    95  0091                     	;# 
    96  0092                     	;# 
    97  0093                     	;# 
    98  0093                     	;# 
    99  0093                     	;# 
   100  0094                     	;# 
   101  0095                     	;# 
   102  0096                     	;# 
   103  0097                     	;# 
   104  0098                     	;# 
   105  0099                     	;# 
   106  009A                     	;# 
   107  009B                     	;# 
   108  009C                     	;# 
   109  009D                     	;# 
   110  009E                     	;# 
   111  009F                     	;# 
   112  0105                     	;# 
   113  0107                     	;# 
   114  0108                     	;# 
   115  0109                     	;# 
   116  010C                     	;# 
   117  010C                     	;# 
   118  010D                     	;# 
   119  010E                     	;# 
   120  010F                     	;# 
   121  0185                     	;# 
   122  0187                     	;# 
   123  0188                     	;# 
   124  0189                     	;# 
   125  018C                     	;# 
   126  018D                     	;# 
   127  0000                     	;# 
   128  0001                     	;# 
   129  0002                     	;# 
   130  0003                     	;# 
   131  0004                     	;# 
   132  0005                     	;# 
   133  0006                     	;# 
   134  0007                     	;# 
   135  0008                     	;# 
   136  0009                     	;# 
   137  000A                     	;# 
   138  000B                     	;# 
   139  000C                     	;# 
   140  000D                     	;# 
   141  000E                     	;# 
   142  000E                     	;# 
   143  000F                     	;# 
   144  0010                     	;# 
   145  0011                     	;# 
   146  0012                     	;# 
   147  0013                     	;# 
   148  0014                     	;# 
   149  0015                     	;# 
   150  0015                     	;# 
   151  0016                     	;# 
   152  0017                     	;# 
   153  0018                     	;# 
   154  0019                     	;# 
   155  001A                     	;# 
   156  001B                     	;# 
   157  001B                     	;# 
   158  001C                     	;# 
   159  001D                     	;# 
   160  001E                     	;# 
   161  001F                     	;# 
   162  0081                     	;# 
   163  0085                     	;# 
   164  0086                     	;# 
   165  0087                     	;# 
   166  0088                     	;# 
   167  0089                     	;# 
   168  008C                     	;# 
   169  008D                     	;# 
   170  008E                     	;# 
   171  008F                     	;# 
   172  0090                     	;# 
   173  0091                     	;# 
   174  0092                     	;# 
   175  0093                     	;# 
   176  0093                     	;# 
   177  0093                     	;# 
   178  0094                     	;# 
   179  0095                     	;# 
   180  0096                     	;# 
   181  0097                     	;# 
   182  0098                     	;# 
   183  0099                     	;# 
   184  009A                     	;# 
   185  009B                     	;# 
   186  009C                     	;# 
   187  009D                     	;# 
   188  009E                     	;# 
   189  009F                     	;# 
   190  0105                     	;# 
   191  0107                     	;# 
   192  0108                     	;# 
   193  0109                     	;# 
   194  010C                     	;# 
   195  010C                     	;# 
   196  010D                     	;# 
   197  010E                     	;# 
   198  010F                     	;# 
   199  0185                     	;# 
   200  0187                     	;# 
   201  0188                     	;# 
   202  0189                     	;# 
   203  018C                     	;# 
   204  018D                     	;# 
   205  0000                     	;# 
   206  0001                     	;# 
   207  0002                     	;# 
   208  0003                     	;# 
   209  0004                     	;# 
   210  0005                     	;# 
   211  0006                     	;# 
   212  0007                     	;# 
   213  0008                     	;# 
   214  0009                     	;# 
   215  000A                     	;# 
   216  000B                     	;# 
   217  000C                     	;# 
   218  000D                     	;# 
   219  000E                     	;# 
   220  000E                     	;# 
   221  000F                     	;# 
   222  0010                     	;# 
   223  0011                     	;# 
   224  0012                     	;# 
   225  0013                     	;# 
   226  0014                     	;# 
   227  0015                     	;# 
   228  0015                     	;# 
   229  0016                     	;# 
   230  0017                     	;# 
   231  0018                     	;# 
   232  0019                     	;# 
   233  001A                     	;# 
   234  001B                     	;# 
   235  001B                     	;# 
   236  001C                     	;# 
   237  001D                     	;# 
   238  001E                     	;# 
   239  001F                     	;# 
   240  0081                     	;# 
   241  0085                     	;# 
   242  0086                     	;# 
   243  0087                     	;# 
   244  0088                     	;# 
   245  0089                     	;# 
   246  008C                     	;# 
   247  008D                     	;# 
   248  008E                     	;# 
   249  008F                     	;# 
   250  0090                     	;# 
   251  0091                     	;# 
   252  0092                     	;# 
   253  0093                     	;# 
   254  0093                     	;# 
   255  0093                     	;# 
   256  0094                     	;# 
   257  0095                     	;# 
   258  0096                     	;# 
   259  0097                     	;# 
   260  0098                     	;# 
   261  0099                     	;# 
   262  009A                     	;# 
   263  009B                     	;# 
   264  009C                     	;# 
   265  009D                     	;# 
   266  009E                     	;# 
   267  009F                     	;# 
   268  0105                     	;# 
   269  0107                     	;# 
   270  0108                     	;# 
   271  0109                     	;# 
   272  010C                     	;# 
   273  010C                     	;# 
   274  010D                     	;# 
   275  010E                     	;# 
   276  010F                     	;# 
   277  0185                     	;# 
   278  0187                     	;# 
   279  0188                     	;# 
   280  0189                     	;# 
   281  018C                     	;# 
   282  018D                     	;# 
   283  0009                     _PORTE	set	9
   284  0006                     _PORTB	set	6
   285  001E                     _ADRESH	set	30
   286  000C                     _PIR1bits	set	12
   287  0005                     _PORTA	set	5
   288  0006                     _PORTBbits	set	6
   289  0001                     _TMR0	set	1
   290  0008                     _PORTDbits	set	8
   291  0007                     _PORTC	set	7
   292  0008                     _PORTD	set	8
   293  000B                     _INTCONbits	set	11
   294  001F                     _ADCON0bits	set	31
   295  0096                     _IOCB	set	150
   296  009F                     _ADCON1bits	set	159
   297  0095                     _WPUB	set	149
   298  0081                     _OPTION_REGbits	set	129
   299  0089                     _TRISE	set	137
   300  0088                     _TRISD	set	136
   301  0087                     _TRISC	set	135
   302  0086                     _TRISB	set	134
   303  0085                     _TRISA	set	133
   304  008F                     _OSCCONbits	set	143
   305  0188                     _ANSEL	set	392
   306  0189                     _ANSELH	set	393
   307                           
   308                           	psect	cinit
   309  000F                     start_initialization:	
   310                           ; #config settings
   311                           
   312  000F                     __initialization:
   313                           
   314                           ; Clear objects allocated to COMMON
   315  000F  01F6               	clrf	__pbssCOMMON& (0+127)
   316  0010  01F7               	clrf	(__pbssCOMMON+1)& (0+127)
   317  0011  01F8               	clrf	(__pbssCOMMON+2)& (0+127)
   318  0012                     end_of_initialization:	
   319                           ;End of C runtime variable initialization code
   320                           
   321  0012                     __end_of__initialization:
   322  0012  0183               	clrf	3
   323  0013  120A  118A  2935   	ljmp	_main	;jump to C main() function
   324                           
   325                           	psect	bssCOMMON
   326  0076                     __pbssCOMMON:
   327  0076                     _var_temp:
   328  0076                     	ds	1
   329  0077                     _decena_display:
   330  0077                     	ds	1
   331  0078                     _unidad_display:
   332  0078                     	ds	1
   333                           
   334                           	psect	cstackCOMMON
   335  0070                     __pcstackCOMMON:
   336  0070                     ?_setup:
   337  0070                     ?_ADC:	
   338                           ; 1 bytes @ 0x0
   339                           
   340  0070                     ?_main:	
   341                           ; 1 bytes @ 0x0
   342                           
   343  0070                     ?_isr:	
   344                           ; 1 bytes @ 0x0
   345                           
   346  0070                     ??_isr:	
   347                           ; 1 bytes @ 0x0
   348                           
   349                           
   350                           ; 1 bytes @ 0x0
   351  0070                     	ds	3
   352  0073                     ??_setup:
   353  0073                     ??_ADC:	
   354                           ; 1 bytes @ 0x3
   355                           
   356                           
   357                           ; 1 bytes @ 0x3
   358  0073                     	ds	2
   359  0075                     ADC@channel:
   360                           
   361                           ; 1 bytes @ 0x5
   362  0075                     	ds	1
   363  0076                     ??_main:
   364                           
   365                           	psect	maintext
   366  0135                     __pmaintext:	
   367                           ; 1 bytes @ 0x6
   368 ;;
   369 ;;Main: autosize = 0, tempsize = 0, incstack = 0, save=0
   370 ;;
   371 ;; *************** function _main *****************
   372 ;; Defined at:
   373 ;;		line 72 in file "Lab01_main.c"
   374 ;; Parameters:    Size  Location     Type
   375 ;;		None
   376 ;; Auto vars:     Size  Location     Type
   377 ;;		None
   378 ;; Return value:  Size  Location     Type
   379 ;;                  1    wreg      void 
   380 ;; Registers used:
   381 ;;		wreg, fsr0l, fsr0h, status,2, status,0, pclath, cstack
   382 ;; Tracked objects:
   383 ;;		On entry : B00/0
   384 ;;		On exit  : 0/0
   385 ;;		Unchanged: 0/0
   386 ;; Data sizes:     COMMON   BANK0   BANK1   BANK3   BANK2
   387 ;;      Params:         0       0       0       0       0
   388 ;;      Locals:         0       0       0       0       0
   389 ;;      Temps:          0       0       0       0       0
   390 ;;      Totals:         0       0       0       0       0
   391 ;;Total ram usage:        0 bytes
   392 ;; Hardware stack levels required when called:    2
   393 ;; This function calls:
   394 ;;		_ADC
   395 ;;		_setup
   396 ;; This function is called by:
   397 ;;		Startup code after reset
   398 ;; This function uses a non-reentrant model
   399 ;;
   400                           
   401                           
   402                           ;psect for function _main
   403  0135                     _main:
   404  0135                     l821:	
   405                           ;incstack = 0
   406                           ; Regs used in _main: [wreg-fsr0h+status,2+status,0+pclath+cstack]
   407                           
   408                           
   409                           ;Lab01_main.c: 73:     OSCCONbits.IRCF1 = 1;
   410  0135  120A  118A  20AE  120A  118A  	fcall	_setup
   411  013A                     l823:
   412                           
   413                           ;Lab01_main.c: 74:     OSCCONbits.IRCF0 = 1;
   414  013A  1283               	bcf	3,5	;RP0=0, select bank0
   415  013B  1303               	bcf	3,6	;RP1=0, select bank0
   416  013C  149F               	bsf	31,1	;volatile
   417  013D                     l825:
   418                           
   419                           ;Lab01_main.c: 76: ;Lab01_main.c: 77: 
   420  013D  189F               	btfsc	31,1	;volatile
   421  013E  2940               	goto	u11
   422  013F  2941               	goto	u10
   423  0140                     u11:
   424  0140  293D               	goto	l825
   425  0141                     u10:
   426  0141                     l827:
   427                           
   428                           ;Lab01_main.c: 78:     ANSELH = 0x00;
   429  0141  3006               	movlw	6
   430  0142  120A  118A  2016  120A  118A  	fcall	_ADC
   431  0147                     l829:
   432                           
   433                           ;Lab01_main.c: 79:     ANSEL = 0x40;
   434  0147  1283               	bcf	3,5	;RP0=0, select bank0
   435  0148  1303               	bcf	3,6	;RP1=0, select bank0
   436  0149  149F               	bsf	31,1	;volatile
   437  014A  293D               	goto	l825
   438  014B  120A  118A  280C   	ljmp	start
   439  014E                     __end_of_main:
   440                           
   441                           	psect	text1
   442  00AE                     __ptext1:	
   443 ;; *************** function _setup *****************
   444 ;; Defined at:
   445 ;;		line 125 in file "Lab01_main.c"
   446 ;; Parameters:    Size  Location     Type
   447 ;;		None
   448 ;; Auto vars:     Size  Location     Type
   449 ;;		None
   450 ;; Return value:  Size  Location     Type
   451 ;;                  1    wreg      void 
   452 ;; Registers used:
   453 ;;		wreg, status,2, status,0
   454 ;; Tracked objects:
   455 ;;		On entry : 0/0
   456 ;;		On exit  : 0/0
   457 ;;		Unchanged: 0/0
   458 ;; Data sizes:     COMMON   BANK0   BANK1   BANK3   BANK2
   459 ;;      Params:         0       0       0       0       0
   460 ;;      Locals:         0       0       0       0       0
   461 ;;      Temps:          1       0       0       0       0
   462 ;;      Totals:         1       0       0       0       0
   463 ;;Total ram usage:        1 bytes
   464 ;; Hardware stack levels used:    1
   465 ;; Hardware stack levels required when called:    1
   466 ;; This function calls:
   467 ;;		Nothing
   468 ;; This function is called by:
   469 ;;		_main
   470 ;; This function uses a non-reentrant model
   471 ;;
   472                           
   473                           
   474                           ;psect for function _setup
   475  00AE                     _setup:
   476  00AE                     l699:	
   477                           ;incstack = 0
   478                           ; Regs used in _setup: [wreg+status,2+status,0]
   479                           
   480  00AE  1683               	bsf	3,5	;RP0=1, select bank1
   481  00AF  1303               	bcf	3,6	;RP1=0, select bank1
   482  00B0  170F               	bsf	15,6	;volatile
   483  00B1  168F               	bsf	15,5	;volatile
   484  00B2  160F               	bsf	15,4	;volatile
   485  00B3  140F               	bsf	15,0	;volatile
   486  00B4                     l701:
   487  00B4  1683               	bsf	3,5	;RP0=1, select bank3
   488  00B5  1703               	bsf	3,6	;RP1=1, select bank3
   489  00B6  0189               	clrf	9	;volatile
   490  00B7                     l703:
   491  00B7  3040               	movlw	64
   492  00B8  0088               	movwf	8	;volatile
   493  00B9                     l705:
   494  00B9  1683               	bsf	3,5	;RP0=1, select bank1
   495  00BA  1303               	bcf	3,6	;RP1=0, select bank1
   496  00BB  0185               	clrf	5	;volatile
   497  00BC  3003               	movlw	3
   498  00BD  0086               	movwf	6	;volatile
   499  00BE                     l707:
   500  00BE  0187               	clrf	7	;volatile
   501  00BF                     l709:
   502  00BF  0188               	clrf	8	;volatile
   503  00C0  3002               	movlw	2
   504  00C1  0089               	movwf	9	;volatile
   505  00C2                     l711:
   506  00C2  1381               	bcf	1,7	;volatile
   507  00C3  3003               	movlw	3
   508  00C4  0095               	movwf	21	;volatile
   509  00C5                     l713:
   510  00C5  1283               	bcf	3,5	;RP0=0, select bank0
   511  00C6  1303               	bcf	3,6	;RP1=0, select bank0
   512  00C7  0185               	clrf	5	;volatile
   513  00C8                     l715:
   514  00C8  0188               	clrf	8	;volatile
   515  00C9  3003               	movlw	3
   516  00CA  0086               	movwf	6	;volatile
   517  00CB                     l717:
   518  00CB  0187               	clrf	7	;volatile
   519  00CC                     l719:
   520  00CC  0189               	clrf	9	;volatile
   521  00CD                     l721:
   522  00CD  1683               	bsf	3,5	;RP0=1, select bank1
   523  00CE  1303               	bcf	3,6	;RP1=0, select bank1
   524  00CF  139F               	bcf	31,7	;volatile
   525  00D0                     l723:
   526  00D0  121F               	bcf	31,4	;volatile
   527  00D1                     l725:
   528  00D1  129F               	bcf	31,5	;volatile
   529  00D2                     l727:
   530  00D2  1283               	bcf	3,5	;RP0=0, select bank0
   531  00D3  1303               	bcf	3,6	;RP1=0, select bank0
   532  00D4  081F               	movf	31,w	;volatile
   533  00D5  393F               	andlw	-193
   534  00D6  3880               	iorlw	128
   535  00D7  009F               	movwf	31	;volatile
   536  00D8                     l729:
   537  00D8  081F               	movf	31,w	;volatile
   538  00D9  39C3               	andlw	-61
   539  00DA  3818               	iorlw	24
   540  00DB  009F               	movwf	31	;volatile
   541  00DC  3021               	movlw	33
   542  00DD  00F3               	movwf	??_setup
   543  00DE                     u87:
   544  00DE  0BF3               	decfsz	??_setup,f
   545  00DF  28DE               	goto	u87
   546  00E0                     l731:
   547  00E0  1283               	bcf	3,5	;RP0=0, select bank0
   548  00E1  1303               	bcf	3,6	;RP1=0, select bank0
   549  00E2  141F               	bsf	31,0	;volatile
   550  00E3                     l733:
   551  00E3  178B               	bsf	11,7	;volatile
   552  00E4                     l735:
   553  00E4  168B               	bsf	11,5	;volatile
   554  00E5                     l737:
   555  00E5  110B               	bcf	11,2	;volatile
   556  00E6                     l739:
   557  00E6  158B               	bsf	11,3	;volatile
   558  00E7  3003               	movlw	3
   559  00E8  1683               	bsf	3,5	;RP0=1, select bank1
   560  00E9  1303               	bcf	3,6	;RP1=0, select bank1
   561  00EA  0096               	movwf	22	;volatile
   562  00EB                     l741:
   563  00EB  100B               	bcf	11,0	;volatile
   564  00EC                     l743:
   565  00EC  1281               	bcf	1,5	;volatile
   566  00ED                     l745:
   567  00ED  1181               	bcf	1,3	;volatile
   568  00EE                     l747:
   569  00EE  1501               	bsf	1,2	;volatile
   570  00EF                     l749:
   571  00EF  1481               	bsf	1,1	;volatile
   572  00F0                     l751:
   573  00F0  1401               	bsf	1,0	;volatile
   574  00F1  30EC               	movlw	236
   575  00F2  1283               	bcf	3,5	;RP0=0, select bank0
   576  00F3  1303               	bcf	3,6	;RP1=0, select bank0
   577  00F4  0081               	movwf	1	;volatile
   578  00F5                     l84:
   579  00F5  0008               	return
   580  00F6                     __end_of_setup:
   581                           
   582                           	psect	text2
   583  0016                     __ptext2:	
   584 ;; *************** function _ADC *****************
   585 ;; Defined at:
   586 ;;		line 15 in file "ADC.c"
   587 ;; Parameters:    Size  Location     Type
   588 ;;  channel         1    wreg     unsigned char 
   589 ;; Auto vars:     Size  Location     Type
   590 ;;  channel         1    5[COMMON] unsigned char 
   591 ;; Return value:  Size  Location     Type
   592 ;;                  1    wreg      void 
   593 ;; Registers used:
   594 ;;		wreg, fsr0l, fsr0h, status,2, status,0
   595 ;; Tracked objects:
   596 ;;		On entry : 0/0
   597 ;;		On exit  : 0/0
   598 ;;		Unchanged: 0/0
   599 ;; Data sizes:     COMMON   BANK0   BANK1   BANK3   BANK2
   600 ;;      Params:         0       0       0       0       0
   601 ;;      Locals:         1       0       0       0       0
   602 ;;      Temps:          2       0       0       0       0
   603 ;;      Totals:         3       0       0       0       0
   604 ;;Total ram usage:        3 bytes
   605 ;; Hardware stack levels used:    1
   606 ;; Hardware stack levels required when called:    1
   607 ;; This function calls:
   608 ;;		Nothing
   609 ;; This function is called by:
   610 ;;		_main
   611 ;; This function uses a non-reentrant model
   612 ;;
   613                           
   614                           
   615                           ;psect for function _ADC
   616  0016                     _ADC:
   617                           
   618                           ;incstack = 0
   619                           ; Regs used in _ADC: [wreg-fsr0h+status,2+status,0]
   620                           ;ADC@channel stored from wreg
   621  0016  00F5               	movwf	ADC@channel
   622  0017                     l755:
   623                           
   624                           ;ADC.c: 16:     switch (channel){
   625  0017  287C               	goto	l815
   626  0018                     l757:
   627                           
   628                           ;ADC.c: 18:             ADCON0bits.CHS = 0;
   629  0018  30C3               	movlw	-61
   630  0019  1283               	bcf	3,5	;RP0=0, select bank0
   631  001A  1303               	bcf	3,6	;RP1=0, select bank0
   632  001B  059F               	andwf	31,f	;volatile
   633  001C                     l759:
   634                           
   635                           ;ADC.c: 19:             _delay((unsigned long)((50)*(8000000/4000000.0)));
   636  001C  3021               	movlw	33
   637  001D  00F3               	movwf	??_ADC
   638  001E                     u97:
   639  001E  0BF3               	decfsz	??_ADC,f
   640  001F  281E               	goto	u97
   641                           
   642                           ;ADC.c: 20:             break;
   643  0020  28AD               	goto	l107
   644  0021                     l761:
   645                           
   646                           ;ADC.c: 22:             ADCON0bits.CHS = 1;
   647  0021  1283               	bcf	3,5	;RP0=0, select bank0
   648  0022  1303               	bcf	3,6	;RP1=0, select bank0
   649  0023  081F               	movf	31,w	;volatile
   650  0024  39C3               	andlw	-61
   651  0025  3804               	iorlw	4
   652  0026  009F               	movwf	31	;volatile
   653  0027  281C               	goto	l759
   654  0028                     l765:
   655                           
   656                           ;ADC.c: 26:             ADCON0bits.CHS = 2;
   657  0028  1283               	bcf	3,5	;RP0=0, select bank0
   658  0029  1303               	bcf	3,6	;RP1=0, select bank0
   659  002A  081F               	movf	31,w	;volatile
   660  002B  39C3               	andlw	-61
   661  002C  3808               	iorlw	8
   662  002D  009F               	movwf	31	;volatile
   663  002E  281C               	goto	l759
   664  002F                     l769:
   665                           
   666                           ;ADC.c: 30:             ADCON0bits.CHS = 3;
   667  002F  1283               	bcf	3,5	;RP0=0, select bank0
   668  0030  1303               	bcf	3,6	;RP1=0, select bank0
   669  0031  081F               	movf	31,w	;volatile
   670  0032  39C3               	andlw	-61
   671  0033  380C               	iorlw	12
   672  0034  009F               	movwf	31	;volatile
   673  0035  281C               	goto	l759
   674  0036                     l773:
   675                           
   676                           ;ADC.c: 34:             ADCON0bits.CHS = 4;
   677  0036  1283               	bcf	3,5	;RP0=0, select bank0
   678  0037  1303               	bcf	3,6	;RP1=0, select bank0
   679  0038  081F               	movf	31,w	;volatile
   680  0039  39C3               	andlw	-61
   681  003A  3810               	iorlw	16
   682  003B  009F               	movwf	31	;volatile
   683  003C  281C               	goto	l759
   684  003D                     l777:
   685                           
   686                           ;ADC.c: 38:             ADCON0bits.CHS = 5;
   687  003D  1283               	bcf	3,5	;RP0=0, select bank0
   688  003E  1303               	bcf	3,6	;RP1=0, select bank0
   689  003F  081F               	movf	31,w	;volatile
   690  0040  39C3               	andlw	-61
   691  0041  3814               	iorlw	20
   692  0042  009F               	movwf	31	;volatile
   693  0043  281C               	goto	l759
   694  0044                     l781:
   695                           
   696                           ;ADC.c: 42:             ADCON0bits.CHS = 6;
   697  0044  1283               	bcf	3,5	;RP0=0, select bank0
   698  0045  1303               	bcf	3,6	;RP1=0, select bank0
   699  0046  081F               	movf	31,w	;volatile
   700  0047  39C3               	andlw	-61
   701  0048  3818               	iorlw	24
   702  0049  009F               	movwf	31	;volatile
   703  004A  281C               	goto	l759
   704  004B                     l785:
   705                           
   706                           ;ADC.c: 46:             ADCON0bits.CHS = 7;
   707  004B  1283               	bcf	3,5	;RP0=0, select bank0
   708  004C  1303               	bcf	3,6	;RP1=0, select bank0
   709  004D  081F               	movf	31,w	;volatile
   710  004E  39C3               	andlw	-61
   711  004F  381C               	iorlw	28
   712  0050  009F               	movwf	31	;volatile
   713  0051  281C               	goto	l759
   714  0052                     l789:
   715                           
   716                           ;ADC.c: 50:             ADCON0bits.CHS = 8;
   717  0052  1283               	bcf	3,5	;RP0=0, select bank0
   718  0053  1303               	bcf	3,6	;RP1=0, select bank0
   719  0054  081F               	movf	31,w	;volatile
   720  0055  39C3               	andlw	-61
   721  0056  3820               	iorlw	32
   722  0057  009F               	movwf	31	;volatile
   723  0058  281C               	goto	l759
   724  0059                     l793:
   725                           
   726                           ;ADC.c: 54:             ADCON0bits.CHS = 9;
   727  0059  1283               	bcf	3,5	;RP0=0, select bank0
   728  005A  1303               	bcf	3,6	;RP1=0, select bank0
   729  005B  081F               	movf	31,w	;volatile
   730  005C  39C3               	andlw	-61
   731  005D  3824               	iorlw	36
   732  005E  009F               	movwf	31	;volatile
   733  005F  281C               	goto	l759
   734  0060                     l797:
   735                           
   736                           ;ADC.c: 58:             ADCON0bits.CHS = 10;
   737  0060  1283               	bcf	3,5	;RP0=0, select bank0
   738  0061  1303               	bcf	3,6	;RP1=0, select bank0
   739  0062  081F               	movf	31,w	;volatile
   740  0063  39C3               	andlw	-61
   741  0064  3828               	iorlw	40
   742  0065  009F               	movwf	31	;volatile
   743  0066  281C               	goto	l759
   744  0067                     l801:
   745                           
   746                           ;ADC.c: 62:             ADCON0bits.CHS = 11;
   747  0067  1283               	bcf	3,5	;RP0=0, select bank0
   748  0068  1303               	bcf	3,6	;RP1=0, select bank0
   749  0069  081F               	movf	31,w	;volatile
   750  006A  39C3               	andlw	-61
   751  006B  382C               	iorlw	44
   752  006C  009F               	movwf	31	;volatile
   753  006D  281C               	goto	l759
   754  006E                     l805:
   755                           
   756                           ;ADC.c: 66:             ADCON0bits.CHS = 12;
   757  006E  1283               	bcf	3,5	;RP0=0, select bank0
   758  006F  1303               	bcf	3,6	;RP1=0, select bank0
   759  0070  081F               	movf	31,w	;volatile
   760  0071  39C3               	andlw	-61
   761  0072  3830               	iorlw	48
   762  0073  009F               	movwf	31	;volatile
   763  0074  281C               	goto	l759
   764  0075                     l809:
   765                           
   766                           ;ADC.c: 70:             ADCON0bits.CHS = 13;
   767  0075  1283               	bcf	3,5	;RP0=0, select bank0
   768  0076  1303               	bcf	3,6	;RP1=0, select bank0
   769  0077  081F               	movf	31,w	;volatile
   770  0078  39C3               	andlw	-61
   771  0079  3834               	iorlw	52
   772  007A  009F               	movwf	31	;volatile
   773  007B  281C               	goto	l759
   774  007C                     l815:
   775  007C  0875               	movf	ADC@channel,w
   776  007D  00F3               	movwf	??_ADC
   777  007E  01F4               	clrf	??_ADC+1
   778                           
   779                           ; Switch on 2 bytes has been partitioned into a top level switch of size 1, and 1 sub-sw
      +                          itches
   780                           ; Switch size 1, requested type "simple"
   781                           ; Number of cases is 1, Range of values is 0 to 0
   782                           ; switch strategies available:
   783                           ; Name         Instructions Cycles
   784                           ; simple_byte            4     3 (average)
   785                           ; direct_byte           11     8 (fixed)
   786                           ; jumptable            260     6 (fixed)
   787                           ;	Chosen strategy is simple_byte
   788  007F  0874               	movf	??_ADC+1,w
   789  0080  3A00               	xorlw	0	; case 0
   790  0081  1903               	skipnz
   791  0082  2884               	goto	l889
   792  0083  2875               	goto	l809
   793  0084                     l889:
   794                           
   795                           ; Switch size 1, requested type "simple"
   796                           ; Number of cases is 13, Range of values is 0 to 12
   797                           ; switch strategies available:
   798                           ; Name         Instructions Cycles
   799                           ; simple_byte           40    21 (average)
   800                           ; direct_byte           47     8 (fixed)
   801                           ; jumptable            260     6 (fixed)
   802                           ;	Chosen strategy is simple_byte
   803  0084  0873               	movf	??_ADC,w
   804  0085  3A00               	xorlw	0	; case 0
   805  0086  1903               	skipnz
   806  0087  2818               	goto	l757
   807  0088  3A01               	xorlw	1	; case 1
   808  0089  1903               	skipnz
   809  008A  2821               	goto	l761
   810  008B  3A03               	xorlw	3	; case 2
   811  008C  1903               	skipnz
   812  008D  2828               	goto	l765
   813  008E  3A01               	xorlw	1	; case 3
   814  008F  1903               	skipnz
   815  0090  282F               	goto	l769
   816  0091  3A07               	xorlw	7	; case 4
   817  0092  1903               	skipnz
   818  0093  2836               	goto	l773
   819  0094  3A01               	xorlw	1	; case 5
   820  0095  1903               	skipnz
   821  0096  283D               	goto	l777
   822  0097  3A03               	xorlw	3	; case 6
   823  0098  1903               	skipnz
   824  0099  2844               	goto	l781
   825  009A  3A01               	xorlw	1	; case 7
   826  009B  1903               	skipnz
   827  009C  284B               	goto	l785
   828  009D  3A0F               	xorlw	15	; case 8
   829  009E  1903               	skipnz
   830  009F  2852               	goto	l789
   831  00A0  3A01               	xorlw	1	; case 9
   832  00A1  1903               	skipnz
   833  00A2  2859               	goto	l793
   834  00A3  3A03               	xorlw	3	; case 10
   835  00A4  1903               	skipnz
   836  00A5  2860               	goto	l797
   837  00A6  3A01               	xorlw	1	; case 11
   838  00A7  1903               	skipnz
   839  00A8  2867               	goto	l801
   840  00A9  3A07               	xorlw	7	; case 12
   841  00AA  1903               	skipnz
   842  00AB  286E               	goto	l805
   843  00AC  2875               	goto	l809
   844  00AD                     l107:
   845  00AD  0008               	return
   846  00AE                     __end_of_ADC:
   847                           
   848                           	psect	text3
   849  00F6                     __ptext3:	
   850 ;; *************** function _isr *****************
   851 ;; Defined at:
   852 ;;		line 88 in file "Lab01_main.c"
   853 ;; Parameters:    Size  Location     Type
   854 ;;		None
   855 ;; Auto vars:     Size  Location     Type
   856 ;;		None
   857 ;; Return value:  Size  Location     Type
   858 ;;                  1    wreg      void 
   859 ;; Registers used:
   860 ;;		wreg, status,2, status,0
   861 ;; Tracked objects:
   862 ;;		On entry : 0/0
   863 ;;		On exit  : 0/0
   864 ;;		Unchanged: 0/0
   865 ;; Data sizes:     COMMON   BANK0   BANK1   BANK3   BANK2
   866 ;;      Params:         0       0       0       0       0
   867 ;;      Locals:         0       0       0       0       0
   868 ;;      Temps:          3       0       0       0       0
   869 ;;      Totals:         3       0       0       0       0
   870 ;;Total ram usage:        3 bytes
   871 ;; Hardware stack levels used:    1
   872 ;; This function calls:
   873 ;;		Nothing
   874 ;; This function is called by:
   875 ;;		Interrupt level 1
   876 ;; This function uses a non-reentrant model
   877 ;;
   878                           
   879                           
   880                           ;psect for function _isr
   881  00F6                     _isr:
   882  00F6                     i1l831:
   883                           
   884                           ;Lab01_main.c: 90: 
   885  00F6  1D0B               	btfss	11,2	;volatile
   886  00F7  28F9               	goto	u2_21
   887  00F8  28FA               	goto	u2_20
   888  00F9                     u2_21:
   889  00F9  290E               	goto	i1l849
   890  00FA                     u2_20:
   891  00FA                     i1l833:
   892                           
   893                           ;Lab01_main.c: 91:     PORTA = 0x00;
   894  00FA  3002               	movlw	2
   895  00FB  1283               	bcf	3,5	;RP0=0, select bank0
   896  00FC  1303               	bcf	3,6	;RP1=0, select bank0
   897  00FD  0608               	xorwf	8,w	;volatile
   898  00FE  1D03               	btfss	3,2
   899  00FF  2901               	goto	u3_21
   900  0100  2902               	goto	u3_20
   901  0101                     u3_21:
   902  0101  2907               	goto	i1l841
   903  0102                     u3_20:
   904  0102                     i1l835:
   905                           
   906                           ;Lab01_main.c: 92:     PORTD = 0x00;
   907  0102  0878               	movf	_unidad_display,w
   908  0103  0087               	movwf	7	;volatile
   909  0104                     i1l837:
   910                           
   911                           ;Lab01_main.c: 93:     PORTB = 0x03;
   912  0104  1408               	bsf	8,0	;volatile
   913  0105                     i1l839:
   914                           
   915                           ;Lab01_main.c: 94:     PORTC = 0x00;
   916  0105  1088               	bcf	8,1	;volatile
   917                           
   918                           ;Lab01_main.c: 95:     PORTE = 0x00;
   919  0106  290B               	goto	i1l76
   920  0107                     i1l841:
   921                           
   922                           ;Lab01_main.c: 97: 
   923  0107  0877               	movf	_decena_display,w
   924  0108  0087               	movwf	7	;volatile
   925  0109                     i1l843:
   926                           
   927                           ;Lab01_main.c: 98:     ADCON1bits.ADFM = 0;
   928  0109  1488               	bsf	8,1	;volatile
   929  010A                     i1l845:
   930                           
   931                           ;Lab01_main.c: 99:     ADCON1bits.VCFG0 = 0;
   932  010A  1008               	bcf	8,0	;volatile
   933  010B                     i1l76:	
   934                           ;Lab01_main.c: 100:     ADCON1bits.VCFG1 = 0;
   935                           
   936                           
   937                           ;Lab01_main.c: 101: 
   938  010B  30EC               	movlw	236
   939  010C  0081               	movwf	1	;volatile
   940  010D                     i1l847:
   941                           
   942                           ;Lab01_main.c: 102:     ADCON0bits.ADCS = 0b10;
   943  010D  110B               	bcf	11,2	;volatile
   944  010E                     i1l849:
   945                           
   946                           ;Lab01_main.c: 104:     _delay((unsigned long)((50)*(8000000/4000000.0)));
   947  010E  1C0B               	btfss	11,0	;volatile
   948  010F  2911               	goto	u4_21
   949  0110  2912               	goto	u4_20
   950  0111                     u4_21:
   951  0111  2923               	goto	i1l861
   952  0112                     u4_20:
   953  0112                     i1l851:
   954                           
   955                           ;Lab01_main.c: 105:     ADCON0bits.ADON = 1;
   956  0112  1283               	bcf	3,5	;RP0=0, select bank0
   957  0113  1303               	bcf	3,6	;RP1=0, select bank0
   958  0114  1806               	btfsc	6,0	;volatile
   959  0115  2917               	goto	u5_21
   960  0116  2918               	goto	u5_20
   961  0117                     u5_21:
   962  0117  291C               	goto	i1l855
   963  0118                     u5_20:
   964  0118                     i1l853:
   965                           
   966                           ;Lab01_main.c: 106: 
   967  0118  3001               	movlw	1
   968  0119  00F0               	movwf	??_isr
   969  011A  0870               	movf	??_isr,w
   970  011B  0785               	addwf	5,f	;volatile
   971  011C                     i1l855:
   972                           
   973                           ;Lab01_main.c: 108:     INTCONbits.GIE = 1;
   974  011C  1886               	btfsc	6,1	;volatile
   975  011D  291F               	goto	u6_21
   976  011E  2920               	goto	u6_20
   977  011F                     u6_21:
   978  011F  2922               	goto	i1l859
   979  0120                     u6_20:
   980  0120                     i1l857:
   981                           
   982                           ;Lab01_main.c: 109:     INTCONbits.T0IE = 1;
   983  0120  3001               	movlw	1
   984  0121  0285               	subwf	5,f	;volatile
   985  0122                     i1l859:
   986                           
   987                           ;Lab01_main.c: 112: 
   988  0122  100B               	bcf	11,0	;volatile
   989  0123                     i1l861:
   990                           
   991                           ;Lab01_main.c: 114:     IOCB = 0x03;
   992  0123  1283               	bcf	3,5	;RP0=0, select bank0
   993  0124  1303               	bcf	3,6	;RP1=0, select bank0
   994  0125  1F0C               	btfss	12,6	;volatile
   995  0126  2928               	goto	u7_21
   996  0127  2929               	goto	u7_20
   997  0128                     u7_21:
   998  0128  292E               	goto	i1l81
   999  0129                     u7_20:
  1000  0129                     i1l863:
  1001                           
  1002                           ;Lab01_main.c: 115:     INTCONbits.RBIF = 0;
  1003  0129  081E               	movf	30,w	;volatile
  1004  012A  00F0               	movwf	??_isr
  1005  012B  0870               	movf	??_isr,w
  1006  012C  00F6               	movwf	_var_temp
  1007  012D                     i1l865:
  1008                           
  1009                           ;Lab01_main.c: 116: 
  1010  012D  130C               	bcf	12,6	;volatile
  1011  012E                     i1l81:
  1012  012E  0872               	movf	??_isr+2,w
  1013  012F  008A               	movwf	10
  1014  0130  0E71               	swapf	??_isr+1,w
  1015  0131  0083               	movwf	3
  1016  0132  0EFE               	swapf	btemp,f
  1017  0133  0E7E               	swapf	btemp,w
  1018  0134  0009               	retfie
  1019  0135                     __end_of_isr:
  1020  007E                     btemp	set	126	;btemp
  1021  007E                     wtemp0	set	126
  1022                           
  1023                           	psect	intentry
  1024  0004                     __pintentry:	
  1025                           ;incstack = 0
  1026                           ; Regs used in _isr: [wreg+status,2+status,0]
  1027                           
  1028  0004                     interrupt_function:
  1029  007E                     saved_w	set	btemp
  1030  0004  00FE               	movwf	btemp
  1031  0005  0E03               	swapf	3,w
  1032  0006  00F1               	movwf	??_isr+1
  1033  0007  080A               	movf	10,w
  1034  0008  00F2               	movwf	??_isr+2
  1035  0009  120A  118A  28F6   	ljmp	_isr
  1036                           
  1037                           	psect	config
  1038                           
  1039                           ;Config register CONFIG1 @ 0x2007
  1040                           ;	Oscillator Selection bits
  1041                           ;	FOSC = INTRC_NOCLKOUT, INTOSCIO oscillator: I/O function on RA6/OSC2/CLKOUT pin, I/O f
      +                          unction on RA7/OSC1/CLKIN
  1042                           ;	Watchdog Timer Enable bit
  1043                           ;	WDTE = OFF, WDT disabled and can be enabled by SWDTEN bit of the WDTCON register
  1044                           ;	Power-up Timer Enable bit
  1045                           ;	PWRTE = ON, PWRT enabled
  1046                           ;	RE3/MCLR pin function select bit
  1047                           ;	MCLRE = OFF, RE3/MCLR pin function is digital input, MCLR internally tied to VDD
  1048                           ;	Code Protection bit
  1049                           ;	CP = OFF, Program memory code protection is disabled
  1050                           ;	Data Code Protection bit
  1051                           ;	CPD = OFF, Data memory code protection is disabled
  1052                           ;	Brown Out Reset Selection bits
  1053                           ;	BOREN = OFF, BOR disabled
  1054                           ;	Internal External Switchover bit
  1055                           ;	IESO = OFF, Internal/External Switchover mode is disabled
  1056                           ;	Fail-Safe Clock Monitor Enabled bit
  1057                           ;	FCMEN = OFF, Fail-Safe Clock Monitor is disabled
  1058                           ;	Low Voltage Programming Enable bit
  1059                           ;	LVP = OFF, RB3 pin has digital I/O, HV on MCLR must be used for programming
  1060                           ;	In-Circuit Debugger Mode bit
  1061                           ;	DEBUG = 0x1, unprogrammed default
  1062  2007                     	org	8199
  1063  2007  20C4               	dw	8388
  1064                           
  1065                           ;Config register CONFIG2 @ 0x2008
  1066                           ;	Brown-out Reset Selection bit
  1067                           ;	BOR4V = BOR40V, Brown-out Reset set to 4.0V
  1068                           ;	Flash Program Memory Self Write Enable bits
  1069                           ;	WRT = OFF, Write protection off
  1070  2008                     	org	8200
  1071  2008  3FFF               	dw	16383

Data Sizes:
    Strings     0
    Constant    0
    Data        0
    BSS         3
    Persistent  0
    Stack       0

Auto Spaces:
    Space          Size  Autos    Used
    COMMON           14      6       9
    BANK0            80      0       0
    BANK1            80      0       0
    BANK3            96      0       0
    BANK2            96      0       0

Pointer List with Targets:

    None.

Critical Paths under _main in COMMON

    _main->_ADC

Critical Paths under _isr in COMMON

    None.

Critical Paths under _main in BANK0

    None.

Critical Paths under _isr in BANK0

    None.

Critical Paths under _main in BANK1

    None.

Critical Paths under _isr in BANK1

    None.

Critical Paths under _main in BANK3

    None.

Critical Paths under _isr in BANK3

    None.

Critical Paths under _main in BANK2

    None.

Critical Paths under _isr in BANK2

    None.

Call Graph Tables:

 ---------------------------------------------------------------------------------
 (Depth) Function   	        Calls       Base Space   Used Autos Params    Refs
 ---------------------------------------------------------------------------------
 (0) _main                                                 0     0      0      15
                                _ADC
                              _setup
 ---------------------------------------------------------------------------------
 (1) _setup                                                1     1      0       0
                                              3 COMMON     1     1      0
 ---------------------------------------------------------------------------------
 (1) _ADC                                                  3     3      0      15
                                              3 COMMON     3     3      0
 ---------------------------------------------------------------------------------
 Estimated maximum stack depth 1
 ---------------------------------------------------------------------------------
 (Depth) Function   	        Calls       Base Space   Used Autos Params    Refs
 ---------------------------------------------------------------------------------
 (2) _isr                                                  3     3      0       0
                                              0 COMMON     3     3      0
 ---------------------------------------------------------------------------------
 Estimated maximum stack depth 2
 ---------------------------------------------------------------------------------

 Call Graph Graphs:

 _main (ROOT)
   _ADC
   _setup

 _isr (ROOT)

 Address spaces:
Name               Size   Autos  Total    Cost      Usage
BITCOMMON            E      0       0       0        0.0%
EEDATA             100      0       0       0        0.0%
NULL                 0      0       0       0        0.0%
CODE                 0      0       0       0        0.0%
COMMON               E      6       9       1       64.3%
BITSFR0              0      0       0       1        0.0%
SFR0                 0      0       0       1        0.0%
BITSFR1              0      0       0       2        0.0%
SFR1                 0      0       0       2        0.0%
STACK                0      0       0       2        0.0%
ABS                  0      0       9       3        0.0%
BITBANK0            50      0       0       4        0.0%
BITSFR3              0      0       0       4        0.0%
SFR3                 0      0       0       4        0.0%
BANK0               50      0       0       5        0.0%
BITSFR2              0      0       0       5        0.0%
SFR2                 0      0       0       5        0.0%
BITBANK1            50      0       0       6        0.0%
BANK1               50      0       0       7        0.0%
BITBANK3            60      0       0       8        0.0%
BANK3               60      0       0       9        0.0%
BITBANK2            60      0       0      10        0.0%
BANK2               60      0       0      11        0.0%
DATA                 0      0       9      12        0.0%


Microchip Technology PIC Macro Assembler V2.31 build 20201012212115 
Symbol Table                                                                                   Mon Jul 19 20:20:54 2021

                     l84 00F5                       u10 0141                       u11 0140  
                     u87 00DE                       u97 001E                      l107 00AD  
                    _ADC 0016                      l701 00B4                      l711 00C2  
                    l703 00B7                      l801 0067                      l721 00CD  
                    l713 00C5                      l705 00B9                      l731 00E0  
                    l723 00D0                      l715 00C8                      l707 00BE  
                    l805 006E                      l741 00EB                      l733 00E3  
                    l725 00D1                      l717 00CB                      l709 00BF  
                    l821 0135                      l815 007C                      l751 00F0  
                    l743 00EC                      l735 00E4                      l727 00D2  
                    l719 00CC                      l823 013A                      l809 0075  
                    l761 0021                      l745 00ED                      l737 00E5  
                    l729 00D8                      l825 013D                      l755 0017  
                    l747 00EE                      l739 00E6                      l827 0141  
                    l781 0044                      l773 0036                      l765 0028  
                    l757 0018                      l749 00EF                      l829 0147  
                    l759 001C                      l793 0059                      l785 004B  
                    l777 003D                      l769 002F                      l699 00AE  
                    l797 0060                      l789 0052                      l889 0084  
                    _isr 00F6                     ?_ADC 0070                     ?_isr 0070  
                   _IOCB 0096                     i1l81 012E                     i1l76 010B  
                   _TMR0 0001                     _WPUB 0095                     u2_20 00FA  
                   u2_21 00F9                     u3_20 0102                     u3_21 0101  
                   u4_20 0112                     u4_21 0111                     u5_20 0118  
                   u5_21 0117                     u6_20 0120                     u6_21 011F  
                   u7_20 0129                     u7_21 0128                     _main 0135  
                   btemp 007E                     start 000C                    ??_ADC 0073  
                  ??_isr 0070                    ?_main 0070                    _ANSEL 0188  
                  i1l831 00F6                    i1l841 0107                    i1l833 00FA  
                  i1l851 0112                    i1l843 0109                    i1l835 0102  
                  i1l853 0118                    i1l861 0123                    i1l845 010A  
                  i1l837 0104                    i1l863 0129                    i1l855 011C  
                  i1l847 010D                    i1l839 0105                    i1l865 012D  
                  i1l857 0120                    i1l849 010E                    i1l859 0122  
                  _PORTA 0005                    _PORTB 0006                    _PORTC 0007  
                  _PORTD 0008                    _PORTE 0009                    _TRISA 0085  
                  _TRISB 0086                    _TRISC 0087                    _TRISD 0088  
                  _TRISE 0089                    _setup 00AE                    pclath 000A  
                  status 0003                    wtemp0 007E          __initialization 000F  
           __end_of_main 014E                   ??_main 0076                   _ADRESH 001E  
                 ?_setup 0070                   _ANSELH 0189                   saved_w 007E  
__end_of__initialization 0012           __pcstackCOMMON 0070            __end_of_setup 00F6  
         _OPTION_REGbits 0081               ADC@channel 0075                  ??_setup 0073  
             __pmaintext 0135               __pintentry 0004                  __ptext1 00AE  
                __ptext2 0016                  __ptext3 00F6             __size_of_ADC 0098  
           __size_of_isr 003F     end_of_initialization 0012                _PORTBbits 0006  
              _PORTDbits 0008      start_initialization 000F              __end_of_ADC 00AE  
            __end_of_isr 0135              __pbssCOMMON 0076                ___latbits 0002  
         __size_of_setup 0048        interrupt_function 0004                 _PIR1bits 000C  
             _ADCON0bits 001F               _ADCON1bits 009F            __size_of_main 0019  
               _var_temp 0076               _INTCONbits 000B                 intlevel1 0000  
             _OSCCONbits 008F           _decena_display 0077           _unidad_display 0078  
